<?xml version="1.0" encoding="UTF-8"?>
<!-- Generated by org.testng.reporters.JUnitReportReporter -->
<testsuite hostname="Pranil-PC" failures="0" tests="2" name="flipkart.maven.verifycanaddaddress" time="5.037" errors="0" timestamp="2022-07-27T13:18:13 IST" skipped="0">
  <testcase classname="flipkart.maven.verifycanaddaddress" name="verifyusercanviewprofile" time="1.100"/>
  <system-out/>
  <testcase classname="flipkart.maven.verifycanaddaddress" name="verifyusercanaddaddress" time="3.937"/>
  <system-out/>
</testsuite> <!-- flipkart.maven.verifycanaddaddress -->
