<?xml version="1.0" encoding="UTF-8"?>
<!-- Generated by org.testng.reporters.JUnitReportReporter -->
<testsuite hostname="Pranil-PC" failures="0" tests="2" name="flipkart.maven.verifycanaddaddress" time="32.040" errors="0" timestamp="2022-07-24T19:21:36 IST" skipped="0">
  <testcase classname="flipkart.maven.verifycanaddaddress" name="verifyusercanviewprofile" time="20.953"/>
  <system-out/>
  <testcase classname="flipkart.maven.verifycanaddaddress" name="verifyusercanaddaddress" time="11.087"/>
  <system-out/>
</testsuite> <!-- flipkart.maven.verifycanaddaddress -->
