<?xml version="1.0" encoding="UTF-8"?>
<!-- Generated by org.testng.reporters.JUnitReportReporter -->
<testsuite hostname="Pranil-PC" failures="0" tests="1" name="flipkart.maven.verifyusercanlogin" time="34.700" errors="0" timestamp="2022-07-24T19:21:36 IST" skipped="0">
  <testcase classname="flipkart.maven.verifyusercanlogin" name="verifylogin" time="34.700"/>
  <system-out/>
</testsuite> <!-- flipkart.maven.verifyusercanlogin -->
