<?xml version="1.0" encoding="UTF-8"?>
<!-- Generated by org.testng.reporters.JUnitReportReporter -->
<testsuite hostname="Pranil-PC" failures="0" tests="1" name="flipkart.maven.verifyusercanlogin" time="7.624" errors="0" timestamp="2022-07-27T13:18:13 IST" skipped="0">
  <testcase classname="flipkart.maven.verifyusercanlogin" name="verifylogin" time="7.624"/>
  <system-out/>
</testsuite> <!-- flipkart.maven.verifyusercanlogin -->
